Dumping annotated program on standard output
Program size : 993 bytes
Name : "42"
Comment : "Just a basic Winner Program"

0          :    entree:
0    (5  ) :        live      %42     
                    1         0   0   0   42    
                    1         42                

5    (7  ) :        ld        %0                r5                
                    2   144   0   0   0   0     5                 
                    2   144   0                 5                 

12   (7  ) :        ld        %0                r5                
                    2   144   0   0   0   0     5                 
                    2   144   0                 5                 

19   (3  ) :        zjmp      %:bite            
                    9         1   25            
                    9         281               

22         :    tir:
22   (7  ) :        sti       r1                %:tirb            %1                
                    11  104   1                 0   130           0   1             
                    11  104   1                 130               1                 

29   (7  ) :        ld        %2304             r10               
                    2   144   0   0   9   0     10                
                    2   144   2304              10                

36   (7  ) :        ld        %1                r5                
                    2   144   0   0   0   1     5                 
                    2   144   1                 5                 

43   (7  ) :        ld        %0                r11               
                    2   144   0   0   0   0     11                
                    2   144   0                 11                

50   (7  ) :        ld        %4                r3                
                    2   144   0   0   0   4     3                 
                    2   144   4                 3                 

57         :    tirf:
57   (5  ) :        live      %42               
                    1         0   0   0   42    
                    1         42                

62   (3  ) :        fork      %:tirop           
                    12        0   69            
                    12        69                

65   (5  ) :        live      %742              
                    1         0   0   2   230   
                    1         742               

70   (5  ) :        sub       r3                r5                r3                
                    5   84    3                 5                 3                 
                    5   84    3                 5                 3                 

75   (3  ) :        zjmp      %:top             
                    9         1   116           
                    9         372               

78   (7  ) :        ld        %0                r11               
                    2   144   0   0   0   0     11                
                    2   144   0                 11                

85   (3  ) :        fork      %:tirvd           
                    12        0   212           
                    12        212               

88   (5  ) :        live      %42               
                    1         0   0   0   42    
                    1         42                

93   (7  ) :        sti       r10               %-510             %0                
                    11  104   10                254 2             0   0             
                    11  104   10                -510              0                 

100  (7  ) :        sti       r10               %-404             %0                
                    11  104   10                254 108           0   0             
                    11  104   10                -404              0                 

107  (7  ) :        sti       r10               %-303             %0                
                    11  104   10                254 209           0   0             
                    11  104   10                -303              0                 

114  (7  ) :        sti       r10               %-202             %0                
                    11  104   10                255 54            0   0             
                    11  104   10                -202              0                 

121  (7  ) :        ld        %0                r11               
                    2   144   0   0   0   0     11                
                    2   144   0                 11                

128  (3  ) :        zjmp      %:tirf            
                    9         255 185           
                    9         -71               

131        :    tirop:
131  (7  ) :        ld        %368              r2                
                    2   144   0   0   1   112   2                 
                    2   144   368               2                 

138  (7  ) :        ld        %0                r3                
                    2   144   0   0   0   0     3                 
                    2   144   0                 3                 

145  (7  ) :        ld        %4                r4                
                    2   144   0   0   0   4     4                 
                    2   144   4                 4                 

152        :    tirb:
152  (5  ) :        live      %1                
                    1         0   0   0   1     
                    1         1                 

157  (6  ) :        sti       r10               %-510             r2                
                    11  100   10                254 2             2                 
                    11  100   10                -510              2                 

163  (6  ) :        sti       r10               %-510             r3                
                    11  100   10                254 2             3                 
                    11  100   10                -510              3                 

169  (5  ) :        add       r4                r5                r4                
                    4   84    4                 5                 4                 
                    4   84    4                 5                 4                 

174  (5  ) :        add       r3                r4                r3                
                    4   84    3                 4                 3                 
                    4   84    3                 4                 3                 

179  (5  ) :        sub       r2                r4                r2                
                    5   84    2                 4                 2                 
                    5   84    2                 4                 2                 

184  (3  ) :        zjmp      %:tirop           
                    9         255 203           
                    9         -53               

187  (7  ) :        ld        %0                r11               
                    2   144   0   0   0   0     11                
                    2   144   0                 11                

194  (3  ) :        zjmp      %:tirb            
                    9         255 214           
                    9         -42               

197  (3  ) :        zjmp      %:infi            
                    9         1   37            
                    9         293               

200        :    p32deb:
200  (3  ) :        zjmp      %0                
                    9         0   0             
                    9         0                 

203  (3  ) :        zjmp      %0                
                    9         0   0             
                    9         0                 

206  (3  ) :        zjmp      %0                
                    9         0   0             
                    9         0                 

209  (3  ) :        zjmp      %0                
                    9         0   0             
                    9         0                 

212  (3  ) :        zjmp      %0                
                    9         0   0             
                    9         0                 

215  (3  ) :        zjmp      %0                
                    9         0   0             
                    9         0                 

218  (3  ) :        zjmp      %0                
                    9         0   0             
                    9         0                 

221  (3  ) :        zjmp      %0                
                    9         0   0             
                    9         0                 

224  (3  ) :        zjmp      %0                
                    9         0   0             
                    9         0                 

227  (3  ) :        zjmp      %0                
                    9         0   0             
                    9         0                 

230  (3  ) :        zjmp      %0                
                    9         0   0             
                    9         0                 

233  (3  ) :        zjmp      %0                
                    9         0   0             
                    9         0                 

236  (3  ) :        zjmp      %0                
                    9         0   0             
                    9         0                 

239  (3  ) :        zjmp      %0                
                    9         0   0             
                    9         0                 

242  (3  ) :        zjmp      %0                
                    9         0   0             
                    9         0                 

245  (3  ) :        zjmp      %0                
                    9         0   0             
                    9         0                 

248  (3  ) :        zjmp      %0                
                    9         0   0             
                    9         0                 

251  (3  ) :        zjmp      %0                
                    9         0   0             
                    9         0                 

254        :    p32:
254  (5  ) :        sub       r6                r4                r6                
                    5   84    6                 4                 6                 
                    5   84    6                 4                 6                 

259  (5  ) :        add       r6                r6                r11               
                    4   84    6                 6                 11                
                    4   84    6                 6                 11                

264  (6  ) :        ldi       %:p32deb          r6                r7                
                    10  148   255 192           6                 7                 
                    10  148   -64               6                 7                 

270  (6  ) :        sti       r7                %-510             r11               
                    11  100   7                 254 2             11                
                    11  100   7                 -510              11                

276        :    p32li:
276  (5  ) :        live      %1                
                    1         0   0   0   1     
                    1         1                 

281  (7  ) :        ld        %0                r10               
                    2   144   0   0   0   0     10                
                    2   144   0                 10                

288  (6  ) :        sti       r7                %-250             r6                
                    11  100   7                 255 6             6                 
                    11  100   7                 -250              6                 

294  (3  ) :        zjmp      %-192             
                    9         255 64            
                    9         -192              

297        :    tirvd:
297  (3  ) :        zjmp      %:tirvd2          
                    9         1   120           
                    9         376               

300        :    bite:
300  (7  ) :        sti       r1                %:copie           %2                
                    11  104   1                 1   77            0   2             
                    11  104   1                 333               2                 

307  (7  ) :        ldi       %:copie           %3                r2                
                    10  164   1   70            0   3             2                 
                    10  164   326               3                 2                 

314  (7  ) :        sti       r2                %:entree          %-4               
                    11  104   2                 254 198           255 252           
                    11  104   2                 -314              -4                

321  (7  ) :        ldi       %:copie           %-1               r2                
                    10  164   1   56            255 255           2                 
                    10  164   312               -1                2                 

328  (7  ) :        sti       r2                %:entree          %-8               
                    11  104   2                 254 184           255 248           
                    11  104   2                 -328              -8                

335  (7  ) :        sti       r1                %:p32li           %1                
                    11  104   1                 255 197           0   1             
                    11  104   1                 -59               1                 

342  (7  ) :        sti       r1                %:b0              %1                
                    11  104   1                 0   35            0   1             
                    11  104   1                 35                1                 

349  (7  ) :        ld        %0                r2                
                    2   144   0   0   0   0     2                 
                    2   144   0                 2                 

356  (7  ) :        ld        %8                r3                
                    2   144   0   0   0   8     3                 
                    2   144   8                 3                 

363  (7  ) :        ld        %1                r4                
                    2   144   0   0   0   1     4                 
                    2   144   1                 4                 

370  (7  ) :        ld        %0                r6                
                    2   144   0   0   0   0     6                 
                    2   144   0                 6                 

377        :    b0:
377  (5  ) :        live      %1                
                    1         0   0   0   1     
                    1         1                 

382  (5  ) :        sub       r3                r4                r3                
                    5   84    3                 4                 3                 
                    5   84    3                 4                 3                 

387  (3  ) :        zjmp      %:tart            
                    9         0   253           
                    9         253               

390  (3  ) :        fork      %:b1              
                    12        0   32            
                    12        32                

393  (4  ) :        st        r5                r2                
                    3   80    5                 2                 
                    3   80    5                 2                 

397  (5  ) :        xor       r10               r10               r10               
                    8   84    10                10                10                
                    8   84    10                10                10                

402  (5  ) :        add       r10               r10               r10               
                    4   84    10                10                10                
                    4   84    10                10                10                

407  (5  ) :        add       r6                r6                r6                
                    4   84    6                 6                 6                 
                    4   84    6                 6                 6                 

412  (7  ) :        ld        %0                r10               
                    2   144   0   0   0   0     10                
                    2   144   0                 10                

419  (3  ) :        zjmp      %:b0              
                    9         255 214           
                    9         -42               

422        :    b1:
422  (5  ) :        add       r2                r4                r2                
                    4   84    2                 4                 2                 
                    4   84    2                 4                 2                 

427  (5  ) :        add       r6                r6                r6                
                    4   84    6                 6                 6                 
                    4   84    6                 6                 6                 

432  (5  ) :        add       r6                r4                r6                
                    4   84    6                 4                 6                 
                    4   84    6                 4                 6                 

437  (7  ) :        ld        %0                r10               
                    2   144   0   0   0   0     10                
                    2   144   0                 10                

444  (3  ) :        zjmp      %:b0              
                    9         255 189           
                    9         -67               

447        :    top:
447  (5  ) :        live      %42               
                    1         0   0   0   42    
                    1         42                

452  (7  ) :        ld        %9                r3                
                    2   144   0   0   0   9     3                 
                    2   144   9                 3                 

459  (7  ) :        sti       r3                %:p32deb          %-6               
                    11  104   3                 254 253           255 250           
                    11  104   3                 -259              -6                

466  (7  ) :        ld        %2                r3                
                    2   144   0   0   0   2     3                 
                    2   144   2                 3                 

473  (7  ) :        sti       r3                %:p32deb          %-16              
                    11  104   3                 254 239           255 240           
                    11  104   3                 -273              -16               

480  (7  ) :        ld        %0                r3                
                    2   144   0   0   0   0     3                 
                    2   144   0                 3                 

487  (3  ) :        zjmp      %:topd            
                    9         0   189           
                    9         189               

490        :    infi:
490  (7  ) :        sti       r1                %:l0              %1                
                    11  104   1                 0   77            0   1             
                    11  104   1                 77                1                 

497  (7  ) :        sti       r1                %:l1              %1                
                    11  104   1                 0   75            0   1             
                    11  104   1                 75                1                 

504  (7  ) :        sti       r1                %:l2              %1                
                    11  104   1                 0   73            0   1             
                    11  104   1                 73                1                 

511  (7  ) :        sti       r1                %:l3              %1                
                    11  104   1                 0   71            0   1             
                    11  104   1                 71                1                 

518  (7  ) :        sti       r1                %:l4              %1                
                    11  104   1                 0   69            0   1             
                    11  104   1                 69                1                 

525  (7  ) :        sti       r1                %:l5              %1                
                    11  104   1                 0   67            0   1             
                    11  104   1                 67                1                 

532  (7  ) :        sti       r1                %:l6              %1                
                    11  104   1                 0   65            0   1             
                    11  104   1                 65                1                 

539  (7  ) :        sti       r1                %:l7              %1                
                    11  104   1                 0   63            0   1             
                    11  104   1                 63                1                 

546  (7  ) :        sti       r1                %:l8              %1                
                    11  104   1                 0   61            0   1             
                    11  104   1                 61                1                 

553  (7  ) :        sti       r1                %:l9              %1                
                    11  104   1                 0   59            0   1             
                    11  104   1                 59                1                 

560  (7  ) :        sti       r1                %:l10             %1                
                    11  104   1                 0   57            0   1             
                    11  104   1                 57                1                 

567        :    l0:
567  (5  ) :        live      %1                
                    1         0   0   0   1     
                    1         1                 

572        :    l1:
572  (5  ) :        live      %1                
                    1         0   0   0   1     
                    1         1                 

577        :    l2:
577  (5  ) :        live      %1                
                    1         0   0   0   1     
                    1         1                 

582        :    l3:
582  (5  ) :        live      %1                
                    1         0   0   0   1     
                    1         1                 

587        :    l4:
587  (5  ) :        live      %1                
                    1         0   0   0   1     
                    1         1                 

592        :    l5:
592  (5  ) :        live      %1                
                    1         0   0   0   1     
                    1         1                 

597        :    l6:
597  (5  ) :        live      %1                
                    1         0   0   0   1     
                    1         1                 

602        :    l7:
602  (5  ) :        live      %1                
                    1         0   0   0   1     
                    1         1                 

607        :    l8:
607  (5  ) :        live      %1                
                    1         0   0   0   1     
                    1         1                 

612        :    l9:
612  (5  ) :        live      %1                
                    1         0   0   0   1     
                    1         1                 

617        :    l10:
617  (5  ) :        live      %1                
                    1         0   0   0   1     
                    1         1                 

622  (3  ) :        zjmp      %:l0              
                    9         255 201           
                    9         -55               

625        :    p1:
625  (3  ) :        zjmp      %:infi            
                    9         255 121           
                    9         -135              

628  (5  ) :        live      %0                
                    1         0   0   0   0     
                    1         0                 

633        :    copie:
633  (7  ) :        ld        %1                r1                
                    2   144   0   0   0   1     1                 
                    2   144   1                 1                 

640        :    tart:
640  (7  ) :        sti       r1                %:p64li           %1                
                    11  104   1                 1   8             0   1             
                    11  104   1                 264               1                 

647  (5  ) :        or        r2                r2                r2                
                    7   84    2                 2                 2                 
                    7   84    2                 2                 2                 

652  (3  ) :        zjmp      %:p64             
                    9         0   182           
                    9         182               

655  (5  ) :        sub       r2                r4                r2                
                    5   84    2                 4                 2                 
                    5   84    2                 4                 2                 

660  (3  ) :        zjmp      %:p32             
                    9         254 106           
                    9         -406              

663  (7  ) :        ld        %0                r2                
                    2   144   0   0   0   0     2                 
                    2   144   0                 2                 

670  (3  ) :        zjmp      %:infi            
                    9         255 76            
                    9         -180              

673        :    tirvd2:
673  (3  ) :        zjmp      %:tirdow          
                    9         0   246           
                    9         246               

676        :    topd:
676  (7  ) :        ld        %9                r3                
                    2   144   0   0   0   9     3                 
                    2   144   9                 3                 

683  (7  ) :        sti       r3                %:fin             %-6               
                    11  104   3                 1   49            255 250           
                    11  104   3                 305               -6                

690  (7  ) :        ld        %2                r3                
                    2   144   0   0   0   2     3                 
                    2   144   2                 3                 

697  (7  ) :        sti       r3                %:fin             %-16              
                    11  104   3                 1   35            255 240           
                    11  104   3                 291               -16               

704  (7  ) :        ld        %0                r3                
                    2   144   0   0   0   0     3                 
                    2   144   0                 3                 

711  (3  ) :        zjmp      %:infi            
                    9         255 35            
                    9         -221              

714        :    p64deb:
714  (3  ) :        zjmp      %0                
                    9         0   0             
                    9         0                 

717  (3  ) :        zjmp      %0                
                    9         0   0             
                    9         0                 

720  (3  ) :        zjmp      %0                
                    9         0   0             
                    9         0                 

723  (3  ) :        zjmp      %0                
                    9         0   0             
                    9         0                 

726  (3  ) :        zjmp      %0                
                    9         0   0             
                    9         0                 

729  (3  ) :        zjmp      %0                
                    9         0   0             
                    9         0                 

732  (3  ) :        zjmp      %0                
                    9         0   0             
                    9         0                 

735  (3  ) :        zjmp      %0                
                    9         0   0             
                    9         0                 

738  (3  ) :        zjmp      %0                
                    9         0   0             
                    9         0                 

741  (3  ) :        zjmp      %0                
                    9         0   0             
                    9         0                 

744  (3  ) :        zjmp      %0                
                    9         0   0             
                    9         0                 

747  (3  ) :        zjmp      %0                
                    9         0   0             
                    9         0                 

750  (3  ) :        zjmp      %0                
                    9         0   0             
                    9         0                 

753  (3  ) :        zjmp      %0                
                    9         0   0             
                    9         0                 

756  (3  ) :        zjmp      %0                
                    9         0   0             
                    9         0                 

759  (3  ) :        zjmp      %0                
                    9         0   0             
                    9         0                 

762  (3  ) :        zjmp      %0                
                    9         0   0             
                    9         0                 

765  (3  ) :        zjmp      %0                
                    9         0   0             
                    9         0                 

768  (3  ) :        zjmp      %0                
                    9         0   0             
                    9         0                 

771  (3  ) :        zjmp      %0                
                    9         0   0             
                    9         0                 

774  (3  ) :        zjmp      %0                
                    9         0   0             
                    9         0                 

777  (3  ) :        zjmp      %0                
                    9         0   0             
                    9         0                 

780  (3  ) :        zjmp      %0                
                    9         0   0             
                    9         0                 

783  (3  ) :        zjmp      %0                
                    9         0   0             
                    9         0                 

786  (3  ) :        zjmp      %0                
                    9         0   0             
                    9         0                 

789  (3  ) :        zjmp      %0                
                    9         0   0             
                    9         0                 

792  (3  ) :        zjmp      %0                
                    9         0   0             
                    9         0                 

795  (3  ) :        zjmp      %0                
                    9         0   0             
                    9         0                 

798  (3  ) :        zjmp      %0                
                    9         0   0             
                    9         0                 

801  (3  ) :        zjmp      %0                
                    9         0   0             
                    9         0                 

804  (3  ) :        zjmp      %0                
                    9         0   0             
                    9         0                 

807  (3  ) :        zjmp      %0                
                    9         0   0             
                    9         0                 

810  (3  ) :        zjmp      %0                
                    9         0   0             
                    9         0                 

813  (3  ) :        zjmp      %0                
                    9         0   0             
                    9         0                 

816  (3  ) :        zjmp      %0                
                    9         0   0             
                    9         0                 

819  (3  ) :        zjmp      %0                
                    9         0   0             
                    9         0                 

822  (3  ) :        zjmp      %0                
                    9         0   0             
                    9         0                 

825  (3  ) :        zjmp      %0                
                    9         0   0             
                    9         0                 

828  (3  ) :        zjmp      %0                
                    9         0   0             
                    9         0                 

831  (3  ) :        zjmp      %0                
                    9         0   0             
                    9         0                 

834        :    p64:
834  (7  ) :        ld        %10               r8                
                    2   144   0   0   0   10    8                 
                    2   144   10                8                 

841  (5  ) :        sub       r6                r8                r6                
                    5   84    6                 8                 6                 
                    5   84    6                 8                 6                 

846  (8  ) :        and       r6                %2147483648       r8                
                    6   100   6                 128 0   0   0     8                 
                    6   100   6                 -2147483648       8                 

854  (3  ) :        zjmp      %:cont            
                    9         0   15            
                    9         15                

857  (7  ) :        ld        %118              r8                
                    2   144   0   0   0   118   8                 
                    2   144   118               8                 

864  (5  ) :        add       r6                r8                r6                
                    4   84    6                 8                 6                 
                    4   84    6                 8                 6                 

869        :    cont:
869  (5  ) :        add       r6                r6                r6                
                    4   84    6                 6                 6                 
                    4   84    6                 6                 6                 

874  (7  ) :        ld        %272              r8                
                    2   144   0   0   1   16    8                 
                    2   144   272               8                 

881  (7  ) :        ld        %29               r9                
                    2   144   0   0   0   29    9                 
                    2   144   29                9                 

888  (6  ) :        ldi       %:p64deb          r6                r7                
                    10  148   255 82            6                 7                 
                    10  148   -174              6                 7                 

894  (5  ) :        sti       r7                r8                r6                
                    11  84    7                 8                 6                 
                    11  84    7                 8                 6                 

899  (5  ) :        sti       r7                r9                r6                
                    11  84    7                 9                 6                 
                    11  84    7                 9                 6                 

904        :    p64li:
904  (5  ) :        live      %1                
                    1         0   0   0   1     
                    1         1                 

909  (7  ) :        ld        %0                r10               
                    2   144   0   0   0   0     10                
                    2   144   0                 10                

916  (3  ) :        zjmp      %186              
                    9         0   186           
                    9         186               

919        :    tirdow:
919  (7  ) :        ld        %425              r2                
                    2   144   0   0   1   169   2                 
                    2   144   425               2                 

926  (7  ) :        ld        %0                r3                
                    2   144   0   0   0   0     3                 
                    2   144   0                 3                 

933  (7  ) :        ld        %4                r4                
                    2   144   0   0   0   4     4                 
                    2   144   4                 4                 

940        :    tird:
940  (5  ) :        live      %42               
                    1         0   0   0   42    
                    1         42                

945  (6  ) :        sti       r10               %:fin             r2                
                    11  100   10                0   43            2                 
                    11  100   10                43                2                 

951  (6  ) :        sti       r10               %:fin             r3                
                    11  100   10                0   37            3                 
                    11  100   10                37                3                 

957  (5  ) :        add       r4                r5                r4                
                    4   84    4                 5                 4                 
                    4   84    4                 5                 4                 

962  (5  ) :        add       r3                r4                r3                
                    4   84    3                 4                 3                 
                    4   84    3                 4                 3                 

967  (5  ) :        sub       r2                r4                r2                
                    5   84    2                 4                 2                 
                    5   84    2                 4                 2                 

972  (3  ) :        zjmp      %:tirdow          
                    9         255 203           
                    9         -53               

975  (7  ) :        ld        %0                r11               
                    2   144   0   0   0   0     11                
                    2   144   0                 11                

982  (3  ) :        zjmp      %:tird            
                    9         255 214           
                    9         -42               

985  (3  ) :        zjmp      %:p1              
                    9         254 152           
                    9         -360              

988        :    fin:
988  (5  ) :        live      %633              
                    1         0   0   2   121   
                    1         633               

